Path:D:\GitHub\ad-carrot-library\library\Project Outputs for carrot_lib\carrot_lib.IntLib
Components Count:256
IntLib Component Name:
23LC1024
24LC256
2SK30ATM
93LC46
AD5320
AD7124-8
AD7606
AD797
AD8629
AD8675
AD8676
ADG708
ADP7118ACP
ADP7118ARD
ADP7118AUJ
ADP7182ACP
ADP7182AUJ
ADR421
ADR4525
AMS1117
BAT54
BAT54A
BAT54C
BAT54S
BME280
BMI160
BMM150
BMP280
BQ25504
Button
Cap
Cap2
Cap-Film
Cap-Tantalum
CH340C
CH340E
CON BTB 80P
CON FPC 40P
CS5341
CY7C68013A-56PVXC
DC-005
DC3-10P
DC3-14P
DC3-20P
Diode
EP4CE10F17C8N
EP4CE15F23C8N
EP4CE6E22C8N
Ferrite Bead
FM24CL64
FT2232HL
FT2232HQ
Fuse
Header 1
Header 10
Header 10X2
Header 10X2L
Header 10X2R
Header 11
Header 11X2
Header 12
Header 12X2
Header 13
Header 13X2
Header 14
Header 14X2
Header 15
Header 15X2
Header 16
Header 16X2
Header 17
Header 17X2
Header 18
Header 18X2
Header 19
Header 19X2
Header 1X2
Header 2
Header 20
Header 20X2
Header 2X2
Header 3
Header 3X2
Header 4
Header 4X2
Header 5
Header 5X2
Header 5X2 SMD
Header 6
Header 6X2
Header 7
Header 7X2
Header 7X2 2.0mm
Header 8
Header 8X2
Header 9
Header 9X2
HMC830
ICM20600
INA138
INA168
INA180A
INA193
INA194
INA195
INA226
Inductor Chip
Inductor Chip2
Inductor Iron
IPEX1
IRF740
IRFS3607
IS42S16160J
IS61LV25616
IS61LV51216
IS61WV102416
JTAG-XILINX
Jumper
KF301-3P
L7805
LED
Link-2X1
Link-2X2
Link-2X3
Link-3X1
Link-3X10
Link-3X8
LM2731
LM2733
LM5007
LMR14030
LMR14050
LMR16030P
LMR16030S
LMR62014
Logo Artix7
Logo Carrot
Logo Carrot Inside
Logo JLC
Logo ST
Logo TO220
Logo ublox
Logo Xilinx
LOOP
LP5907
LT3042
M3
MAX17043
MAX44009
MAX4477
MB506
MC34063
Module 12Vto5V,3v3
Module E104-BT5011A
Module ESP-12F
Module F429H
Module NF-03
Module OLED-4P
Module OLED-7P
Module SX1278
Module TB6612
MPU6000
MPU6050
NE5532
NEO-M8N
NPN
NSL32SR3
OP AMP 2#
OP07
OP2177
OPA1612
OPA827
OPA847
PassiveAntenna
PGB1010603
PNP
Relay-DPDT
Relay-SPDT
Res
Res Array
Res Array 2
Res Pot
Res Pot 2
RF LNA
SDCARD-MICRO
SI2301
SI2302
SI5351
SMA
SN74HC238
SN74HC574
SN74LV4051
SN74LVC1G04
SN74LVC1G08
SN74LVC1G80
SN74LVC2G08
SN74LVC573
SOCKET-40P
SPX1117
SPX3819
STM32F030F4P6
STM32F103C8T6
STM32F103CBT6
STM32F407VET6
STM32H743VGT6
STM32H743VIT6
STM32H743XIH6
STM32H750VBT6
STM32L051C8T6
STM8L151G4U6
Switch-1510-2-3
Switch-DIP1
Switch-DIP2
Switch-DIP3
SX1278
TB6612FNG
TestPoint
TL431
TLV3501
TLV3502
TMP102
TMP112
TP4056
TPS54360
TPS563200
TPS61030PWP
TPS61032PWP
TPS61040
TPS61200
TPS62220
TPS7A3001
TPS7A3301
TPS7A4701
TPS7A4901
TVS
TXB0108
TXS0108E
USB
USB2
USB3
USB3300
USB-SHIELD
VCO
W25N01
W25Q128
W25Q256
W25Q256-SOIC16
W25Q64
W9825G6
XC6206
XH2.54-2P
XLR
XTAL
XTAL2
XTAL3
XTAL4
